Determining if the pthread_create exist failed with the following output:
Change Dir: /home/robond/catkin_ws/build/CMakeFiles/CMakeTmp

Run Build Command:"/usr/bin/make" "cmTC_c04cc/fast"
/usr/bin/make -f CMakeFiles/cmTC_c04cc.dir/build.make CMakeFiles/cmTC_c04cc.dir/build
make[1]: Entering directory '/home/robond/catkin_ws/build/CMakeFiles/CMakeTmp'
Building C object CMakeFiles/cmTC_c04cc.dir/CheckSymbolExists.c.o
/usr/bin/cc     -o CMakeFiles/cmTC_c04cc.dir/CheckSymbolExists.c.o   -c /home/robond/catkin_ws/build/CMakeFiles/CMakeTmp/CheckSymbolExists.c
Linking C executable cmTC_c04cc
/usr/bin/cmake -E cmake_link_script CMakeFiles/cmTC_c04cc.dir/link.txt --verbose=1
/usr/bin/cc       CMakeFiles/cmTC_c04cc.dir/CheckSymbolExists.c.o  -o cmTC_c04cc -rdynamic 
CMakeFiles/cmTC_c04cc.dir/CheckSymbolExists.c.o: In function `main':
CheckSymbolExists.c:(.text+0x16): undefined reference to `pthread_create'
collect2: error: ld returned 1 exit status
CMakeFiles/cmTC_c04cc.dir/build.make:97: recipe for target 'cmTC_c04cc' failed
make[1]: *** [cmTC_c04cc] Error 1
make[1]: Leaving directory '/home/robond/catkin_ws/build/CMakeFiles/CMakeTmp'
Makefile:126: recipe for target 'cmTC_c04cc/fast' failed
make: *** [cmTC_c04cc/fast] Error 2

File /home/robond/catkin_ws/build/CMakeFiles/CMakeTmp/CheckSymbolExists.c:
/* */
#include <pthread.h>

int main(int argc, char** argv)
{
  (void)argv;
#ifndef pthread_create
  return ((int*)(&pthread_create))[argc];
#else
  (void)argc;
  return 0;
#endif
}

Determining if the function pthread_create exists in the pthreads failed with the following output:
Change Dir: /home/robond/catkin_ws/build/CMakeFiles/CMakeTmp

Run Build Command:"/usr/bin/make" "cmTC_e40f8/fast"
/usr/bin/make -f CMakeFiles/cmTC_e40f8.dir/build.make CMakeFiles/cmTC_e40f8.dir/build
make[1]: Entering directory '/home/robond/catkin_ws/build/CMakeFiles/CMakeTmp'
Building C object CMakeFiles/cmTC_e40f8.dir/CheckFunctionExists.c.o
/usr/bin/cc    -DCHECK_FUNCTION_EXISTS=pthread_create   -o CMakeFiles/cmTC_e40f8.dir/CheckFunctionExists.c.o   -c /usr/share/cmake-3.5/Modules/CheckFunctionExists.c
Linking C executable cmTC_e40f8
/usr/bin/cmake -E cmake_link_script CMakeFiles/cmTC_e40f8.dir/link.txt --verbose=1
/usr/bin/cc   -DCHECK_FUNCTION_EXISTS=pthread_create    CMakeFiles/cmTC_e40f8.dir/CheckFunctionExists.c.o  -o cmTC_e40f8 -rdynamic -lpthreads 
/usr/bin/ld: cannot find -lpthreads
collect2: error: ld returned 1 exit status
CMakeFiles/cmTC_e40f8.dir/build.make:97: recipe for target 'cmTC_e40f8' failed
make[1]: *** [cmTC_e40f8] Error 1
make[1]: Leaving directory '/home/robond/catkin_ws/build/CMakeFiles/CMakeTmp'
Makefile:126: recipe for target 'cmTC_e40f8/fast' failed
make: *** [cmTC_e40f8/fast] Error 2


Determining if the pthread_create exist failed with the following output:
Change Dir: /home/robond/catkin_ws/build/CMakeFiles/CMakeTmp

Run Build Command:"/usr/bin/make" "cmTC_db3e8/fast"
make[1]: Entering directory '/home/robond/catkin_ws/build/CMakeFiles/CMakeTmp'
/usr/bin/make -f CMakeFiles/cmTC_db3e8.dir/build.make CMakeFiles/cmTC_db3e8.dir/build
make[2]: Entering directory '/home/robond/catkin_ws/build/CMakeFiles/CMakeTmp'
Building C object CMakeFiles/cmTC_db3e8.dir/CheckSymbolExists.c.o
/usr/bin/cc     -o CMakeFiles/cmTC_db3e8.dir/CheckSymbolExists.c.o   -c /home/robond/catkin_ws/build/CMakeFiles/CMakeTmp/CheckSymbolExists.c
Linking C executable cmTC_db3e8
/usr/bin/cmake -E cmake_link_script CMakeFiles/cmTC_db3e8.dir/link.txt --verbose=1
/usr/bin/cc       CMakeFiles/cmTC_db3e8.dir/CheckSymbolExists.c.o  -o cmTC_db3e8 -rdynamic 
CMakeFiles/cmTC_db3e8.dir/CheckSymbolExists.c.o: In function `main':
CheckSymbolExists.c:(.text+0x16): undefined reference to `pthread_create'
collect2: error: ld returned 1 exit status
CMakeFiles/cmTC_db3e8.dir/build.make:97: recipe for target 'cmTC_db3e8' failed
make[2]: *** [cmTC_db3e8] Error 1
make[2]: Leaving directory '/home/robond/catkin_ws/build/CMakeFiles/CMakeTmp'
Makefile:126: recipe for target 'cmTC_db3e8/fast' failed
make[1]: *** [cmTC_db3e8/fast] Error 2
make[1]: Leaving directory '/home/robond/catkin_ws/build/CMakeFiles/CMakeTmp'

File /home/robond/catkin_ws/build/CMakeFiles/CMakeTmp/CheckSymbolExists.c:
/* */
#include <pthread.h>

int main(int argc, char** argv)
{
  (void)argv;
#ifndef pthread_create
  return ((int*)(&pthread_create))[argc];
#else
  (void)argc;
  return 0;
#endif
}

Determining if the function pthread_create exists in the pthreads failed with the following output:
Change Dir: /home/robond/catkin_ws/build/CMakeFiles/CMakeTmp

Run Build Command:"/usr/bin/make" "cmTC_93280/fast"
make[1]: Entering directory '/home/robond/catkin_ws/build/CMakeFiles/CMakeTmp'
/usr/bin/make -f CMakeFiles/cmTC_93280.dir/build.make CMakeFiles/cmTC_93280.dir/build
make[2]: Entering directory '/home/robond/catkin_ws/build/CMakeFiles/CMakeTmp'
Building C object CMakeFiles/cmTC_93280.dir/CheckFunctionExists.c.o
/usr/bin/cc    -DCHECK_FUNCTION_EXISTS=pthread_create   -o CMakeFiles/cmTC_93280.dir/CheckFunctionExists.c.o   -c /usr/share/cmake-3.5/Modules/CheckFunctionExists.c
Linking C executable cmTC_93280
/usr/bin/cmake -E cmake_link_script CMakeFiles/cmTC_93280.dir/link.txt --verbose=1
/usr/bin/cc   -DCHECK_FUNCTION_EXISTS=pthread_create    CMakeFiles/cmTC_93280.dir/CheckFunctionExists.c.o  -o cmTC_93280 -rdynamic -lpthreads 
/usr/bin/ld: cannot find -lpthreads
collect2: error: ld returned 1 exit status
CMakeFiles/cmTC_93280.dir/build.make:97: recipe for target 'cmTC_93280' failed
make[2]: *** [cmTC_93280] Error 1
make[2]: Leaving directory '/home/robond/catkin_ws/build/CMakeFiles/CMakeTmp'
Makefile:126: recipe for target 'cmTC_93280/fast' failed
make[1]: *** [cmTC_93280/fast] Error 2
make[1]: Leaving directory '/home/robond/catkin_ws/build/CMakeFiles/CMakeTmp'


